<?xml version="1.0" encoding="UTF-8"?>
<!-- Generated by org.testng.reporters.JUnitReportReporter -->
<testsuite skipped="0" hostname="LAPTOP-5SR2H26G" name="com.org.OrangeHrmTwitter" tests="1" failures="0" timestamp="24 May 2021 02:21:42 GMT" time="6.445" errors="0">
  <testcase name="twitter" time="6.445" classname="com.org.OrangeHrmTwitter"/>
</testsuite> <!-- com.org.OrangeHrmTwitter -->
