<?xml version="1.0" encoding="UTF-8"?>
<!-- Generated by org.testng.reporters.JUnitReportReporter -->
<<<<<<< HEAD
<testsuite skipped="0" hostname="LAPTOP-5SR2H26G" name="com.org.OrangeHrmDirectory" tests="1" failures="0" timestamp="25 May 2021 02:51:34 GMT" time="11.438" errors="0">
  <testcase name="subscription" time="11.438" classname="com.org.OrangeHrmDirectory"/>
=======
<testsuite skipped="0" hostname="jay-PC" name="com.org.OrangeHrmDirectory" tests="1" failures="0" timestamp="24 May 2021 07:46:04 GMT" time="15.712" errors="0">
  <testcase name="subscription" time="15.712" classname="com.org.OrangeHrmDirectory"/>
>>>>>>> d0a9b53bab5be8e6bbffcb389bd37ceb74c16509
</testsuite> <!-- com.org.OrangeHrmDirectory -->
