<?xml version="1.0" encoding="UTF-8"?>
<!-- Generated by org.testng.reporters.JUnitReportReporter -->
<testsuite skipped="0" hostname="jay-PC" name="com.org.LinkedInPageTest" tests="1" failures="0" timestamp="24 May 2021 07:19:25 GMT" time="18.720" errors="0">
  <testcase name="linkedin" time="18.720" classname="com.org.LinkedInPageTest"/>
</testsuite> <!-- com.org.LinkedInPageTest -->
