<?xml version="1.0" encoding="UTF-8"?>
<!-- Generated by org.testng.reporters.JUnitReportReporter -->
<testsuite skipped="0" hostname="jay-PC" name="com.org.Demo" tests="1" failures="0" timestamp="29 May 2021 02:24:36 GMT" time="6.707" errors="0">
  <testcase name="Jay" time="6.707" classname="com.org.Demo"/>
</testsuite> <!-- com.org.Demo -->
