<?xml version="1.0" encoding="UTF-8"?>
<!-- Generated by org.testng.reporters.JUnitReportReporter -->
<testsuite skipped="0" hostname="jay-PC" name="com.org.GitHub" tests="1" failures="0" timestamp="27 May 2021 05:03:58 GMT" time="5.455" errors="0">
  <testcase name="github" time="5.455" classname="com.org.GitHub"/>
</testsuite> <!-- com.org.GitHub -->
