<?xml version="1.0" encoding="UTF-8"?>
<!-- Generated by org.testng.reporters.JUnitReportReporter -->
<testsuite skipped="0" hostname="jay-PC" name="com.org.AlertHandling" tests="1" failures="0" timestamp="03 Jun 2021 02:36:25 GMT" time="4.531" errors="0">
  <testcase name="jay" time="4.531" classname="com.org.AlertHandling"/>
</testsuite> <!-- com.org.AlertHandling -->
