<?xml version="1.0" encoding="UTF-8"?>
<!-- Generated by org.testng.reporters.JUnitReportReporter -->
<testsuite skipped="0" hostname="jay-PC" name="com.org.ProjectReport" tests="1" failures="0" timestamp="28 May 2021 02:03:13 GMT" time="11.846" errors="0">
  <testcase name="sample1" time="11.846" classname="com.org.ProjectReport"/>
</testsuite> <!-- com.org.ProjectReport -->
