<?xml version="1.0" encoding="UTF-8"?>
<!-- Generated by org.testng.reporters.JUnitReportReporter -->
<testsuite skipped="0" hostname="LAPTOP-5SR2H26G" name="com.org.HrmLoginPage" tests="1" failures="0" timestamp="21 May 2021 17:37:10 GMT" time="5.849" errors="0">
  <testcase name="logindetails" time="5.849" classname="com.org.HrmLoginPage"/>
</testsuite> <!-- com.org.HrmLoginPage -->
