<?xml version="1.0" encoding="UTF-8"?>
<!-- Generated by org.testng.reporters.JUnitReportReporter -->
<testsuite skipped="0" hostname="jay-PC" name="com.org.Table" tests="1" failures="0" timestamp="28 May 2021 01:43:58 GMT" time="8.075" errors="0">
  <testcase name="sample2" time="8.075" classname="com.org.Table"/>
</testsuite> <!-- com.org.Table -->
