<?xml version="1.0" encoding="UTF-8"?>
<!-- Generated by org.testng.reporters.JUnitReportReporter -->
<testsuite skipped="0" hostname="LAPTOP-5SR2H26G" name="com.org.Hrm" tests="1" failures="0" timestamp="25 May 2021 03:00:30 GMT" time="10.022" errors="0">
  <testcase name="rama" time="10.022" classname="com.org.Hrm"/>
</testsuite> <!-- com.org.Hrm -->
