<?xml version="1.0" encoding="UTF-8"?>
<!-- Generated by org.testng.reporters.JUnitReportReporter -->
<testsuite skipped="0" hostname="jay-PC" name="com.org.LinkedInPageTest" tests="1" failures="0" timestamp="27 May 2021 04:34:51 GMT" time="19.778" errors="0">
  <testcase name="linkedin" time="19.778" classname="com.org.LinkedInPageTest"/>
</testsuite> <!-- com.org.LinkedInPageTest -->
