<?xml version="1.0" encoding="UTF-8"?>
<!-- Generated by org.testng.reporters.JUnitReportReporter -->
<testsuite hostname="LAPTOP-1E5OSFLE" name="com.org.ForgotPasswordTest" tests="1" failures="0" timestamp="22 May 2021 14:11:55 GMT" time="17.704" errors="0">
  <testcase name="forgotPassword" time="17.704" classname="com.org.ForgotPasswordTest"/>
</testsuite> <!-- com.org.ForgotPasswordTest -->
