<?xml version="1.0" encoding="UTF-8"?>
<!-- Generated by org.testng.reporters.JUnitReportReporter -->
<testsuite skipped="0" hostname="jay-PC" name="com.org.OrangeHrmDirectory" tests="1" failures="0" timestamp="24 May 2021 07:46:04 GMT" time="15.712" errors="0">
  <testcase name="subscription" time="15.712" classname="com.org.OrangeHrmDirectory"/>
</testsuite> <!-- com.org.OrangeHrmDirectory -->
