<?xml version="1.0" encoding="UTF-8"?>
<!-- Generated by org.testng.reporters.JUnitReportReporter -->
<testsuite skipped="0" hostname="LAPTOP-5SR2H26G" name="com.org.HrmLoginPage" tests="1" failures="0" timestamp="24 May 2021 03:02:24 GMT" time="10.662" errors="0">
  <testcase name="logindetails" time="10.662" classname="com.org.HrmLoginPage"/>
</testsuite> <!-- com.org.HrmLoginPage -->
