<?xml version="1.0" encoding="UTF-8"?>
<!-- Generated by org.testng.reporters.JUnitReportReporter -->
<testsuite skipped="0" hostname="jay-PC" name="com.org.OrangeDir" tests="1" failures="0" timestamp="28 May 2021 02:10:36 GMT" time="13.699" errors="0">
  <testcase name="sample" time="13.699" classname="com.org.OrangeDir"/>
</testsuite> <!-- com.org.OrangeDir -->
