<?xml version="1.0" encoding="UTF-8"?>
<!-- Generated by org.testng.reporters.JUnitReportReporter -->
<<<<<<< HEAD
<testsuite skipped="0" hostname="jay-PC" name="com.org.LinkedInPageTest" tests="1" failures="0" timestamp="27 May 2021 04:34:51 GMT" time="19.778" errors="0">
  <testcase name="linkedin" time="19.778" classname="com.org.LinkedInPageTest"/>
=======
<testsuite skipped="0" hostname="jay-PC" name="com.org.LinkedInPageTest" tests="1" failures="0" timestamp="24 May 2021 07:19:25 GMT" time="18.720" errors="0">
  <testcase name="linkedin" time="18.720" classname="com.org.LinkedInPageTest"/>
>>>>>>> d0a9b53bab5be8e6bbffcb389bd37ceb74c16509
</testsuite> <!-- com.org.LinkedInPageTest -->
