<?xml version="1.0" encoding="UTF-8"?>
<!-- Generated by org.testng.reporters.JUnitReportReporter -->
<testsuite skipped="0" hostname="jay-PC" name="com.org.UploadFileTest" tests="1" failures="0" timestamp="31 May 2021 02:44:57 GMT" time="8.920" errors="0">
  <testcase name="file" time="8.920" classname="com.org.UploadFileTest"/>
</testsuite> <!-- com.org.UploadFileTest -->
